{"message":"Start executing","endpoint":{"method":"GET","url":"/tasks"},"level":"info","source":"test-service"}
{"message":"Request to MongoDB server","dao":{"method":"getTasks","source":"mongoose"},"level":"info","source":"test-service"}
{"message":"Return task from 0 to 10","dao":{"method":"getTasks","source":"mongoose"},"level":"info","source":"test-service"}
{"message":"Get tasks completely","endpoint":{"method":"GET","url":"/tasks"},"level":"info","durationMs":9,"source":"test-service"}
{"message":"Start executing","endpoint":{"method":"GET","url":"/tasks"},"level":"info","source":"test-service"}
{"message":"Request to MongoDB server","dao":{"method":"getTasks","source":"mongoose"},"level":"info","source":"test-service"}
{"message":"Return task from 0 to 10","dao":{"method":"getTasks","source":"mongoose"},"level":"info","source":"test-service"}
{"message":"Get tasks completely","endpoint":{"method":"GET","url":"/tasks"},"level":"info","durationMs":3,"source":"test-service"}
{"message":"Start executing","endpoint":{"method":"GET","url":"/tasks/2"},"level":"info","source":"test-service"}
{"message":"Request to MongoDB server","dao":{"method":"getTasks","source":"mongoose"},"level":"info","source":"test-service"}
{"message":"Task with id 2 is not found","dao":{"method":"getTasks","source":"mongoose"},"level":"error","source":"test-service"}
{"message":"Cannot get task","endpoint":{"method":"GET","url":"/tasks/2"},"level":"error","source":"test-service"}
{"message":"Start executing","endpoint":{"method":"GET","url":"/tasks/45"},"level":"info","source":"test-service"}
{"message":"Request to MongoDB server","dao":{"method":"getTasks","source":"mongoose"},"level":"info","source":"test-service"}
{"message":"Found task 45","dao":{"method":"getTasks","source":"mongoose"},"level":"info","source":"test-service"}
{"message":"Get task completely","endpoint":{"method":"GET","url":"/tasks/45"},"level":"info","durationMs":2,"source":"test-service"}
{"message":"Start executing","endpoint":{"method":"GET","url":"/tasks/234"},"level":"info","source":"test-service"}
{"message":"Request to MongoDB server","dao":{"method":"getTasks","source":"mongoose"},"level":"info","source":"test-service"}
{"message":"Found task 234","dao":{"method":"getTasks","source":"mongoose"},"level":"info","source":"test-service"}
{"message":"Get task completely","endpoint":{"method":"GET","url":"/tasks/234"},"level":"info","durationMs":2,"source":"test-service"}
{"message":"Start executing","endpoint":{"method":"GET","url":"/tasks"},"level":"info","source":"test-service"}
{"message":"Request to MongoDB server","dao":{"method":"getTasks","source":"mongoose"},"level":"info","source":"test-service"}
{"message":"Return task from 0 to 10","dao":{"method":"getTasks","source":"mongoose"},"level":"info","source":"test-service"}
{"message":"Get tasks completely","endpoint":{"method":"GET","url":"/tasks"},"level":"info","durationMs":2,"source":"test-service"}
